2018-02-16 14:06:18,010 [org.springframework.batch.core.launch.support.CommandLineJobRunner.main()] INFO - Refreshing org.springframework.context.support.ClassPathXmlApplicationContext@33d09493: startup date [Fri Feb 16 14:06:18 CET 2018]; root of context hierarchy
2018-02-16 14:06:18,061 [org.springframework.batch.core.launch.support.CommandLineJobRunner.main()] INFO - Loading XML bean definitions from class path resource [PE_XmlLoaderBatchJob.xml]
2018-02-16 14:06:18,457 [org.springframework.batch.core.launch.support.CommandLineJobRunner.main()] INFO - Loading XML bean definitions from class path resource [PE_XmlLoaderBatchIO.xml]
2018-02-16 14:06:18,501 [org.springframework.batch.core.launch.support.CommandLineJobRunner.main()] INFO - Loading XML bean definitions from class path resource [PE_XmlLoaderBatchBeans.xml]
2018-02-16 14:06:18,556 [org.springframework.batch.core.launch.support.CommandLineJobRunner.main()] INFO - Loading XML bean definitions from class path resource [MemoryRepository.xml]
2018-02-16 14:06:18,903 [org.springframework.batch.core.launch.support.CommandLineJobRunner.main()] INFO - Loading properties file from class path resource [PE_XmlLoaderBatch.properties]
2018-02-16 14:06:18,924 [org.springframework.batch.core.launch.support.CommandLineJobRunner.main()] INFO - Overriding bean definition for bean 'batchLauncher': replacing [Generic bean: class [it.gov.mef.noipa.postemissione.pe_xmlloaderbatch.batch.Launcher]; scope=step; abstract=false; lazyInit=false; autowireMode=0; dependencyCheck=0; autowireCandidate=false; primary=false; factoryBeanName=null; factoryMethodName=null; initMethodName=null; destroyMethodName=null; defined in class path resource [PE_XmlLoaderBatchBeans.xml]] with [Root bean: class [org.springframework.aop.scope.ScopedProxyFactoryBean]; scope=; abstract=false; lazyInit=false; autowireMode=0; dependencyCheck=0; autowireCandidate=true; primary=false; factoryBeanName=null; factoryMethodName=null; initMethodName=null; destroyMethodName=null; defined in BeanDefinition defined in class path resource [PE_XmlLoaderBatchBeans.xml]]
2018-02-16 14:06:18,924 [org.springframework.batch.core.launch.support.CommandLineJobRunner.main()] INFO - Overriding bean definition for bean 'batchLauncherCedLoader': replacing [Generic bean: class [it.gov.mef.noipa.postemissione.pe_xmlloaderbatch.batch.LauncherCedLoader]; scope=step; abstract=false; lazyInit=false; autowireMode=0; dependencyCheck=0; autowireCandidate=false; primary=false; factoryBeanName=null; factoryMethodName=null; initMethodName=null; destroyMethodName=null; defined in class path resource [PE_XmlLoaderBatchBeans.xml]] with [Root bean: class [org.springframework.aop.scope.ScopedProxyFactoryBean]; scope=; abstract=false; lazyInit=false; autowireMode=0; dependencyCheck=0; autowireCandidate=true; primary=false; factoryBeanName=null; factoryMethodName=null; initMethodName=null; destroyMethodName=null; defined in BeanDefinition defined in class path resource [PE_XmlLoaderBatchBeans.xml]]
2018-02-16 14:06:18,925 [org.springframework.batch.core.launch.support.CommandLineJobRunner.main()] INFO - Overriding bean definition for bean 'readerFile': replacing [Generic bean: class [org.springframework.batch.item.xml.StaxEventItemReader]; scope=step; abstract=false; lazyInit=false; autowireMode=0; dependencyCheck=0; autowireCandidate=false; primary=false; factoryBeanName=null; factoryMethodName=null; initMethodName=null; destroyMethodName=null; defined in class path resource [PE_XmlLoaderBatchBeans.xml]] with [Root bean: class [org.springframework.aop.scope.ScopedProxyFactoryBean]; scope=; abstract=false; lazyInit=false; autowireMode=0; dependencyCheck=0; autowireCandidate=false; primary=false; factoryBeanName=null; factoryMethodName=null; initMethodName=null; destroyMethodName=null; defined in BeanDefinition defined in class path resource [PE_XmlLoaderBatchBeans.xml]]
2018-02-16 14:06:18,925 [org.springframework.batch.core.launch.support.CommandLineJobRunner.main()] INFO - Overriding bean definition for bean 'writerFile': replacing [Generic bean: class [it.gov.mef.noipa.postemissione.pe_xmlloaderbatch.batch.WriterFile]; scope=step; abstract=false; lazyInit=false; autowireMode=0; dependencyCheck=0; autowireCandidate=false; primary=false; factoryBeanName=null; factoryMethodName=null; initMethodName=null; destroyMethodName=null; defined in class path resource [PE_XmlLoaderBatchBeans.xml]] with [Root bean: class [org.springframework.aop.scope.ScopedProxyFactoryBean]; scope=; abstract=false; lazyInit=false; autowireMode=0; dependencyCheck=0; autowireCandidate=true; primary=false; factoryBeanName=null; factoryMethodName=null; initMethodName=null; destroyMethodName=null; defined in BeanDefinition defined in class path resource [PE_XmlLoaderBatchBeans.xml]]
2018-02-16 14:06:18,925 [org.springframework.batch.core.launch.support.CommandLineJobRunner.main()] INFO - Overriding bean definition for bean 'writerFileCedLoader': replacing [Generic bean: class [it.gov.mef.noipa.postemissione.pe_xmlloaderbatch.batch.WriterFileCedLoader]; scope=step; abstract=false; lazyInit=false; autowireMode=0; dependencyCheck=0; autowireCandidate=false; primary=false; factoryBeanName=null; factoryMethodName=null; initMethodName=null; destroyMethodName=null; defined in class path resource [PE_XmlLoaderBatchBeans.xml]] with [Root bean: class [org.springframework.aop.scope.ScopedProxyFactoryBean]; scope=; abstract=false; lazyInit=false; autowireMode=0; dependencyCheck=0; autowireCandidate=true; primary=false; factoryBeanName=null; factoryMethodName=null; initMethodName=null; destroyMethodName=null; defined in BeanDefinition defined in class path resource [PE_XmlLoaderBatchBeans.xml]]
2018-02-16 14:06:18,926 [org.springframework.batch.core.launch.support.CommandLineJobRunner.main()] INFO - Overriding bean definition for bean 'stepListner': replacing [Generic bean: class [it.gov.mef.noipa.postemissione.pe_xmlloaderbatch.batch.listner.StepListner]; scope=step; abstract=false; lazyInit=false; autowireMode=0; dependencyCheck=0; autowireCandidate=false; primary=false; factoryBeanName=null; factoryMethodName=null; initMethodName=null; destroyMethodName=null; defined in class path resource [PE_XmlLoaderBatchBeans.xml]] with [Root bean: class [org.springframework.aop.scope.ScopedProxyFactoryBean]; scope=; abstract=false; lazyInit=false; autowireMode=0; dependencyCheck=0; autowireCandidate=true; primary=false; factoryBeanName=null; factoryMethodName=null; initMethodName=null; destroyMethodName=null; defined in BeanDefinition defined in class path resource [PE_XmlLoaderBatchBeans.xml]]
2018-02-16 14:06:18,926 [org.springframework.batch.core.launch.support.CommandLineJobRunner.main()] INFO - Overriding bean definition for bean 'stepListnerCedLoader': replacing [Generic bean: class [it.gov.mef.noipa.postemissione.pe_xmlloaderbatch.batch.listner.StepListnerCedLoader]; scope=step; abstract=false; lazyInit=false; autowireMode=0; dependencyCheck=0; autowireCandidate=false; primary=false; factoryBeanName=null; factoryMethodName=null; initMethodName=null; destroyMethodName=null; defined in class path resource [PE_XmlLoaderBatchBeans.xml]] with [Root bean: class [org.springframework.aop.scope.ScopedProxyFactoryBean]; scope=; abstract=false; lazyInit=false; autowireMode=0; dependencyCheck=0; autowireCandidate=true; primary=false; factoryBeanName=null; factoryMethodName=null; initMethodName=null; destroyMethodName=null; defined in BeanDefinition defined in class path resource [PE_XmlLoaderBatchBeans.xml]]
2018-02-16 14:06:19,568 [org.springframework.batch.core.launch.support.CommandLineJobRunner.main()] INFO - No TaskExecutor has been set, defaulting to synchronous executor.
2018-02-16 14:06:24,019 [org.springframework.batch.core.launch.support.CommandLineJobRunner.main()] INFO - Job: [FlowJob: [name=PE_XmlLoaderBatchJob]] launched with the following parameters: [{id.test=13, tipo.postemissione=N, input.dir=C:/NoiPA/POSTEMISSIONE/postemissione_file/cedolinoxml/daelaborare, carica.artefatti.oracle=false, file.lavorati.dir=C:/NoiPA/POSTEMISSIONE/postemissione_file/cedolinoxml//file_lavorati, land.dir=C:/NoiPA/POSTEMISSIONE/postemissione_file/cedolinoxml/land, id.postemissione=1844}]
2018-02-16 14:06:26,603 [org.springframework.batch.core.launch.support.CommandLineJobRunner.main()] INFO - Executing step: [businessStep]
2018-02-16 14:06:26,865 [org.springframework.batch.core.launch.support.CommandLineJobRunner.main()] INFO - >>> Lettura file nella cartella 
2018-02-16 14:06:26,865 [org.springframework.batch.core.launch.support.CommandLineJobRunner.main()] INFO - >>>>> DB_ELASTICSEARCH_CLUSTERNAME : elasticsearch-svil-scalo
2018-02-16 14:06:26,865 [org.springframework.batch.core.launch.support.CommandLineJobRunner.main()] INFO - >>>>> DB_ELASTICSEARCH_STORICO_CLUSTERNAME : elasticsearch-storico-svil-scalo
2018-02-16 14:06:29,108 [org.springframework.batch.core.launch.support.CommandLineJobRunner.main()] INFO - >>> getRootElement() [cu]
2018-02-16 14:06:29,108 [org.springframework.batch.core.launch.support.CommandLineJobRunner.main()] INFO - >>> getPathRootElement() [it.gov.mef.noipa.postemissione.parser.autogenerated.cu.cu.Cedolini
2018-02-16 14:06:29,108 [org.springframework.batch.core.launch.support.CommandLineJobRunner.main()] INFO - >>> getSchemaLocation() [/cu/CU.xsd]
2018-02-16 14:06:29,176 [org.springframework.batch.core.launch.support.CommandLineJobRunner.main()] INFO - >>> getTypeDocumento() [cu]
2018-02-16 14:06:29,176 [org.springframework.batch.core.launch.support.CommandLineJobRunner.main()] INFO - File valido: file:/C:/NoiPA/POSTEMISSIONE/postemissione_file/cedolinoxml/daelaborare/BC3_cedol_cf_201801_005_20180125_01.txt.xmldi tipo: cu
2018-02-16 14:06:31,549 [SimpleAsyncTaskExecutor-1] INFO - Creating JAXBContext with classes to be bound [class it.gov.mef.noipa.postemissione.parser.autogenerated.cu.cu.Cedolini]
2018-02-16 14:06:33,062 [SimpleAsyncTaskExecutor-1] ERROR - Encountered an error executing step concreteBusinessStep in job PE_XmlLoaderBatchJob
org.springframework.oxm.UnmarshallingFailureException: JAXB unmarshalling exception; nested exception is javax.xml.bind.UnmarshalException
 - with linked exception:
[org.xml.sax.SAXParseException; lineNumber: 1; columnNumber: 102; cvc-elt.1: impossibile trovare la dichiarazione dell'elemento "cu".]
	at org.springframework.oxm.jaxb.Jaxb2Marshaller.convertJaxbException(Jaxb2Marshaller.java:884)
	at org.springframework.oxm.jaxb.Jaxb2Marshaller.unmarshal(Jaxb2Marshaller.java:758)
	at org.springframework.oxm.jaxb.Jaxb2Marshaller.unmarshal(Jaxb2Marshaller.java:735)
	at org.springframework.batch.item.xml.StaxEventItemReader.doRead(StaxEventItemReader.java:241)
	at org.springframework.batch.item.support.AbstractItemCountingItemStreamItemReader.read(AbstractItemCountingItemStreamItemReader.java:88)
	at sun.reflect.NativeMethodAccessorImpl.invoke0(Native Method)
	at sun.reflect.NativeMethodAccessorImpl.invoke(NativeMethodAccessorImpl.java:57)
	at sun.reflect.DelegatingMethodAccessorImpl.invoke(DelegatingMethodAccessorImpl.java:43)
	at java.lang.reflect.Method.invoke(Method.java:606)
	at org.springframework.aop.support.AopUtils.invokeJoinpointUsingReflection(AopUtils.java:317)
	at org.springframework.aop.framework.ReflectiveMethodInvocation.invokeJoinpoint(ReflectiveMethodInvocation.java:190)
	at org.springframework.aop.framework.ReflectiveMethodInvocation.proceed(ReflectiveMethodInvocation.java:157)
	at org.springframework.aop.support.DelegatingIntroductionInterceptor.doProceed(DelegatingIntroductionInterceptor.java:133)
	at org.springframework.aop.support.DelegatingIntroductionInterceptor.invoke(DelegatingIntroductionInterceptor.java:121)
	at org.springframework.aop.framework.ReflectiveMethodInvocation.proceed(ReflectiveMethodInvocation.java:179)
	at org.springframework.aop.framework.JdkDynamicAopProxy.invoke(JdkDynamicAopProxy.java:207)
	at com.sun.proxy.$Proxy28.read(Unknown Source)
	at org.springframework.batch.core.step.item.SimpleChunkProvider.doRead(SimpleChunkProvider.java:91)
	at org.springframework.batch.core.step.item.SimpleChunkProvider.read(SimpleChunkProvider.java:155)
	at org.springframework.batch.core.step.item.SimpleChunkProvider$1.doInIteration(SimpleChunkProvider.java:114)
	at org.springframework.batch.repeat.support.RepeatTemplate.getNextResult(RepeatTemplate.java:368)
	at org.springframework.batch.repeat.support.RepeatTemplate.executeInternal(RepeatTemplate.java:215)
	at org.springframework.batch.repeat.support.RepeatTemplate.iterate(RepeatTemplate.java:144)
	at org.springframework.batch.core.step.item.SimpleChunkProvider.provide(SimpleChunkProvider.java:108)
	at org.springframework.batch.core.step.item.ChunkOrientedTasklet.execute(ChunkOrientedTasklet.java:69)
	at org.springframework.batch.core.step.tasklet.TaskletStep$ChunkTransactionCallback.doInTransaction(TaskletStep.java:406)
	at org.springframework.batch.core.step.tasklet.TaskletStep$ChunkTransactionCallback.doInTransaction(TaskletStep.java:330)
	at org.springframework.transaction.support.TransactionTemplate.execute(TransactionTemplate.java:133)
	at org.springframework.batch.core.step.tasklet.TaskletStep$2.doInChunkContext(TaskletStep.java:271)
	at org.springframework.batch.core.scope.context.StepContextRepeatCallback.doInIteration(StepContextRepeatCallback.java:77)
	at org.springframework.batch.repeat.support.RepeatTemplate.getNextResult(RepeatTemplate.java:368)
	at org.springframework.batch.repeat.support.RepeatTemplate.executeInternal(RepeatTemplate.java:215)
	at org.springframework.batch.repeat.support.RepeatTemplate.iterate(RepeatTemplate.java:144)
	at org.springframework.batch.core.step.tasklet.TaskletStep.doExecute(TaskletStep.java:257)
	at org.springframework.batch.core.step.AbstractStep.execute(AbstractStep.java:198)
	at org.springframework.batch.core.partition.support.TaskExecutorPartitionHandler$1.call(TaskExecutorPartitionHandler.java:139)
	at org.springframework.batch.core.partition.support.TaskExecutorPartitionHandler$1.call(TaskExecutorPartitionHandler.java:136)
	at java.util.concurrent.FutureTask.run(FutureTask.java:262)
	at org.springframework.core.task.SimpleAsyncTaskExecutor$ConcurrencyThrottlingRunnable.run(SimpleAsyncTaskExecutor.java:251)
	at java.lang.Thread.run(Thread.java:745)
Caused by: javax.xml.bind.UnmarshalException
 - with linked exception:
[org.xml.sax.SAXParseException; lineNumber: 1; columnNumber: 102; cvc-elt.1: impossibile trovare la dichiarazione dell'elemento "cu".]
	at com.sun.xml.bind.v2.runtime.unmarshaller.UnmarshallerImpl.handleStreamException(UnmarshallerImpl.java:421)
	at com.sun.xml.bind.v2.runtime.unmarshaller.UnmarshallerImpl.unmarshal0(UnmarshallerImpl.java:402)
	at com.sun.xml.bind.v2.runtime.unmarshaller.UnmarshallerImpl.unmarshal(UnmarshallerImpl.java:375)
	at org.springframework.oxm.jaxb.Jaxb2Marshaller.unmarshalStaxSource(Jaxb2Marshaller.java:774)
	at org.springframework.oxm.jaxb.Jaxb2Marshaller.unmarshal(Jaxb2Marshaller.java:748)
	... 38 more
Caused by: org.xml.sax.SAXParseException; lineNumber: 1; columnNumber: 102; cvc-elt.1: impossibile trovare la dichiarazione dell'elemento "cu".
	at com.sun.org.apache.xerces.internal.util.ErrorHandlerWrapper.createSAXParseException(ErrorHandlerWrapper.java:198)
	at com.sun.org.apache.xerces.internal.util.ErrorHandlerWrapper.error(ErrorHandlerWrapper.java:134)
	at com.sun.org.apache.xerces.internal.impl.XMLErrorReporter.reportError(XMLErrorReporter.java:437)
	at com.sun.org.apache.xerces.internal.impl.XMLErrorReporter.reportError(XMLErrorReporter.java:368)
	at com.sun.org.apache.xerces.internal.impl.XMLErrorReporter.reportError(XMLErrorReporter.java:325)
	at com.sun.org.apache.xerces.internal.impl.xs.XMLSchemaValidator.handleStartElement(XMLSchemaValidator.java:1906)
	at com.sun.org.apache.xerces.internal.impl.xs.XMLSchemaValidator.startElement(XMLSchemaValidator.java:746)
	at com.sun.org.apache.xerces.internal.jaxp.validation.ValidatorHandlerImpl.startElement(ValidatorHandlerImpl.java:570)
	at com.sun.xml.bind.v2.runtime.unmarshaller.ValidatingUnmarshaller.startElement(ValidatingUnmarshaller.java:89)
	at com.sun.xml.bind.v2.runtime.unmarshaller.InterningXmlVisitor.startElement(InterningXmlVisitor.java:71)
	at com.sun.xml.bind.v2.runtime.unmarshaller.StAXEventConnector.handleStartElement(StAXEventConnector.java:290)
	at com.sun.xml.bind.v2.runtime.unmarshaller.StAXEventConnector.bridge(StAXEventConnector.java:159)
	at com.sun.xml.bind.v2.runtime.unmarshaller.UnmarshallerImpl.unmarshal0(UnmarshallerImpl.java:399)
	... 41 more
2018-02-16 14:06:33,066 [SimpleAsyncTaskExecutor-1] INFO - >>> AfterStep
2018-02-16 14:06:34,194 [org.springframework.batch.core.launch.support.CommandLineJobRunner.main()] ERROR - Encountered an error executing step businessStep in job PE_XmlLoaderBatchJob
org.springframework.batch.core.JobExecutionException: Partition handler returned an unsuccessful step
	at org.springframework.batch.core.partition.support.PartitionStep.doExecute(PartitionStep.java:112)
	at org.springframework.batch.core.step.AbstractStep.execute(AbstractStep.java:198)
	at org.springframework.batch.core.job.SimpleStepHandler.handleStep(SimpleStepHandler.java:148)
	at org.springframework.batch.core.job.flow.JobFlowExecutor.executeStep(JobFlowExecutor.java:64)
	at org.springframework.batch.core.job.flow.support.state.StepState.handle(StepState.java:67)
	at org.springframework.batch.core.job.flow.support.SimpleFlow.resume(SimpleFlow.java:165)
	at org.springframework.batch.core.job.flow.support.SimpleFlow.start(SimpleFlow.java:144)
	at org.springframework.batch.core.job.flow.FlowJob.doExecute(FlowJob.java:134)
	at org.springframework.batch.core.job.AbstractJob.execute(AbstractJob.java:304)
	at org.springframework.batch.core.launch.support.SimpleJobLauncher$1.run(SimpleJobLauncher.java:135)
	at org.springframework.core.task.SyncTaskExecutor.execute(SyncTaskExecutor.java:50)
	at org.springframework.batch.core.launch.support.SimpleJobLauncher.run(SimpleJobLauncher.java:128)
	at org.springframework.batch.core.launch.support.CommandLineJobRunner.start(CommandLineJobRunner.java:362)
	at org.springframework.batch.core.launch.support.CommandLineJobRunner.main(CommandLineJobRunner.java:590)
	at sun.reflect.NativeMethodAccessorImpl.invoke0(Native Method)
	at sun.reflect.NativeMethodAccessorImpl.invoke(NativeMethodAccessorImpl.java:57)
	at sun.reflect.DelegatingMethodAccessorImpl.invoke(DelegatingMethodAccessorImpl.java:43)
	at java.lang.reflect.Method.invoke(Method.java:606)
	at org.codehaus.mojo.exec.ExecJavaMojo$1.run(ExecJavaMojo.java:290)
	at java.lang.Thread.run(Thread.java:745)
2018-02-16 14:06:34,871 [org.springframework.batch.core.launch.support.CommandLineJobRunner.main()] INFO - >>> Job exit code: FAILED idPostemissione:1844
2018-02-16 14:06:35,260 [org.springframework.batch.core.launch.support.CommandLineJobRunner.main()] INFO - Job: [FlowJob: [name=PE_XmlLoaderBatchJob]] completed with the following parameters: [{id.test=13, tipo.postemissione=N, input.dir=C:/NoiPA/POSTEMISSIONE/postemissione_file/cedolinoxml/daelaborare, carica.artefatti.oracle=false, file.lavorati.dir=C:/NoiPA/POSTEMISSIONE/postemissione_file/cedolinoxml//file_lavorati, land.dir=C:/NoiPA/POSTEMISSIONE/postemissione_file/cedolinoxml/land, id.postemissione=1844}] and the following status: [FAILED]
2018-02-16 14:06:35,261 [org.springframework.batch.core.launch.support.CommandLineJobRunner.main()] INFO - Closing org.springframework.context.support.ClassPathXmlApplicationContext@33d09493: startup date [Fri Feb 16 14:06:18 CET 2018]; root of context hierarchy
